c:\users\g.norkus\source\repos\oatpp-swagger\my-service\build\debug\my-project-lib.pdb
c:\users\g.norkus\source\repos\oatpp-swagger\my-service\build\my-project-lib.dir\debug\mycontroller.obj
c:\users\g.norkus\source\repos\oatpp-swagger\my-service\build\my-project-lib.dir\debug\undistortbigimage.obj
c:\users\g.norkus\source\repos\oatpp-swagger\my-service\build\my-project-lib.dir\debug\loadparams.obj
c:\users\g.norkus\source\repos\oatpp-swagger\my-service\build\my-project-lib.dir\debug\loadcalibrationimages.obj
c:\users\g.norkus\source\repos\oatpp-swagger\my-service\build\my-project-lib.dir\debug\helpers.obj
c:\users\g.norkus\source\repos\oatpp-swagger\my-service\build\my-project-lib.dir\debug\getdefaultborders.obj
c:\users\g.norkus\source\repos\oatpp-swagger\my-service\build\my-project-lib.dir\debug\generatedetectmaskpolys.obj
c:\users\g.norkus\source\repos\oatpp-swagger\my-service\build\my-project-lib.dir\debug\eraseborders.obj
c:\users\g.norkus\source\repos\oatpp-swagger\my-service\build\my-project-lib.dir\debug\drawrectdetectmaskpolys.obj
c:\users\g.norkus\source\repos\oatpp-swagger\my-service\build\my-project-lib.dir\debug\drawrectdetectmask.obj
c:\users\g.norkus\source\repos\oatpp-swagger\my-service\build\my-project-lib.dir\debug\displayemptypolys.obj
c:\users\g.norkus\source\repos\oatpp-swagger\my-service\build\my-project-lib.dir\debug\detectedges.obj
c:\users\g.norkus\source\repos\oatpp-swagger\my-service\build\my-project-lib.dir\debug\detectcorners.obj
c:\users\g.norkus\source\repos\oatpp-swagger\my-service\build\my-project-lib.dir\debug\calcemptypolys.obj
c:\users\g.norkus\source\repos\oatpp-swagger\my-service\build\cmakefiles\generate.stamp
c:\users\g.norkus\source\repos\oatpp-swagger\my-service\build\debug\my-project-lib.lib
c:\users\g.norkus\source\repos\oatpp-swagger\my-service\build\my-project-lib.dir\debug\my-project-lib.tlog\cl.command.1.tlog
c:\users\g.norkus\source\repos\oatpp-swagger\my-service\build\my-project-lib.dir\debug\my-project-lib.tlog\cl.read.1.tlog
c:\users\g.norkus\source\repos\oatpp-swagger\my-service\build\my-project-lib.dir\debug\my-project-lib.tlog\cl.write.1.tlog
c:\users\g.norkus\source\repos\oatpp-swagger\my-service\build\my-project-lib.dir\debug\my-project-lib.tlog\custombuild.command.1.tlog
c:\users\g.norkus\source\repos\oatpp-swagger\my-service\build\my-project-lib.dir\debug\my-project-lib.tlog\custombuild.read.1.tlog
c:\users\g.norkus\source\repos\oatpp-swagger\my-service\build\my-project-lib.dir\debug\my-project-lib.tlog\custombuild.write.1.tlog
c:\users\g.norkus\source\repos\oatpp-swagger\my-service\build\my-project-lib.dir\debug\my-project-lib.tlog\lib-link.write.1.tlog
c:\users\g.norkus\source\repos\oatpp-swagger\my-service\build\my-project-lib.dir\debug\my-project-lib.tlog\lib.command.1.tlog
c:\users\g.norkus\source\repos\oatpp-swagger\my-service\build\my-project-lib.dir\debug\my-project-lib.tlog\lib.read.1.tlog
